<?xml version="1.0" encoding="UTF-8"?>
<testsuite xmlns:xsi="http://www.w3.org/2001/XMLSchema-instance" xsi:noNamespaceSchemaLocation="https://maven.apache.org/surefire/maven-surefire-plugin/xsd/surefire-test-report.xsd" name="TestSuite" time="29.912" tests="1" errors="0" skipped="0" failures="1">
  <properties>
[...]
</properties>
  <testcase name="testPostCreateCampaign" classname="org.example.createCampaign" time="3.029">
    <failure message="1 expectation failed.&#10;Expected status code &lt;200&gt; but was &lt;403&gt;.&#10;" type="java.lang.AssertionError"><![CDATA[java.lang.AssertionError: 
1 expectation failed.
Expected status code <200> but was <403>.

	at org.example.createCampaign.testPostCreateCampaign(createCampaign.java:31)
]]></failure>
    <system-out><![CDATA[campaignrequest campaignRequest(segmentId=0, step_number=1, name=Test_BE_Automation_Email_E2E_Non_Recurring_Scenario1, channel=email, campaignType=BROADCAST, segmentType=SEGMENTED, isRecurring=false, gapInDays=0, recurringType=null, campaigns=[Campaign(deviceType=email)], user_type=user, anonymous=false, userType=buyers, isSortedActionTrigger=false, email_id=michael.paramon@tokopedia.com, extendedName=[AUTOMATION BE] [TEST] Test_BE_Automation_Email_E2E_Non_Recurring_Scenario1, tagList=[TagList(tagId=0, tagName=AUTOMATION BE), TagList(tagId=1, tagName=TEST)], tags=Tags(tags=[5647, 5438]))
Request method:	POST
Request URI:	https://imt-staging.tokopedia.com/api/v1/parent
Proxy:			<none>
Request params:	<none>
Query params:	<none>
Form params:	<none>
Path params:	<none>
Headers:		Accept=application/json
				Authorization=Basic MVh2V0FxS0RZOE9ZYXJyT3I4MW15TStoVnhUOVFHdFVYUkFyRkFSZGJWVGF4NTdMNzBaN2xnL01NeVBBUW5OMjpoVW5NN3krZXQ0YUdDWFlSN2tFNzZBPT0=
				Content-Type=application/json
Cookies:		<none>
Multiparts:		<none>
Body:
{
    "segmentId": 0,
    "step_number": 1,
    "name": "Test_BE_Automation_Email_E2E_Non_Recurring_Scenario1",
    "channel": "email",
    "campaignType": "BROADCAST",
    "segmentType": "SEGMENTED",
    "gapInDays": 0,
    "recurringType": null,
    "campaigns": [
        {
            "deviceType": "email"
        }
    ],
    "user_type": "user",
    "anonymous": false,
    "userType": "buyers",
    "email_id": "michael.paramon@tokopedia.com",
    "extendedName": "[AUTOMATION BE] [TEST] Test_BE_Automation_Email_E2E_Non_Recurring_Scenario1",
    "tagList": [
        {
            "tagId": 0,
            "tagName": "AUTOMATION BE"
        },
        {
            "tagId": 1,
            "tagName": "TEST"
        }
    ],
    "tags": {
        "tags": [
            5647,
            5438
        ]
    },
    "recurring": false,
    "sortedActionTrigger": false
}
Request method:	POST
Request URI:	https://imt-staging.tokopedia.com/api/v1/parent
Proxy:			<none>
Request params:	<none>
Query params:	<none>
Form params:	<none>
Path params:	<none>
Headers:		Accept=application/json
				Authorization=Basic MVh2V0FxS0RZOE9ZYXJyT3I4MW15TStoVnhUOVFHdFVYUkFyRkFSZGJWVGF4NTdMNzBaN2xnL01NeVBBUW5OMjpoVW5NN3krZXQ0YUdDWFlSN2tFNzZBPT0=
				Content-Type=application/json
Cookies:		<none>
Multiparts:		<none>
Body:
{
    "segmentId": 0,
    "step_number": 1,
    "name": "Test_BE_Automation_Email_E2E_Non_Recurring_Scenario1",
    "channel": "email",
    "campaignType": "BROADCAST",
    "segmentType": "SEGMENTED",
    "gapInDays": 0,
    "recurringType": null,
    "campaigns": [
        {
            "deviceType": "email"
        }
    ],
    "user_type": "user",
    "anonymous": false,
    "userType": "buyers",
    "email_id": "michael.paramon@tokopedia.com",
    "extendedName": "[AUTOMATION BE] [TEST] Test_BE_Automation_Email_E2E_Non_Recurring_Scenario1",
    "tagList": [
        {
            "tagId": 0,
            "tagName": "AUTOMATION BE"
        },
        {
            "tagId": 1,
            "tagName": "TEST"
        }
    ],
    "tags": {
        "tags": [
            5647,
            5438
        ]
    },
    "recurring": false,
    "sortedActionTrigger": false
}
]]></system-out>
    <system-err><![CDATA[SLF4J: Failed to load class "org.slf4j.impl.StaticLoggerBinder".
SLF4J: Defaulting to no-operation (NOP) logger implementation
SLF4J: See http://www.slf4j.org/codes.html#StaticLoggerBinder for further details.
]]></system-err>
  </testcase>
</testsuite>